{"/Users/firebushtree/Desktop/code/yideng/red-packet-webpack/src/utils/formatWalletAddress.ts": {"path":"/Users/firebushtree/Desktop/code/yideng/red-packet-webpack/src/utils/formatWalletAddress.ts","statementMap":{"0":{"start":{"line":40,"column":16},"end":{"line":40,"column":null}},"1":{"start":{"line":7,"column":16},"end":{"line":7,"column":null}},"2":{"start":{"line":31,"column":16},"end":{"line":31,"column":39}},"3":{"start":{"line":11,"column":2},"end":{"line":13,"column":null}},"4":{"start":{"line":12,"column":4},"end":{"line":12,"column":null}},"5":{"start":{"line":15,"column":68},"end":{"line":15,"column":null}},"6":{"start":{"line":17,"column":2},"end":{"line":19,"column":null}},"7":{"start":{"line":18,"column":4},"end":{"line":18,"column":null}},"8":{"start":{"line":21,"column":2},"end":{"line":23,"column":null}},"9":{"start":{"line":22,"column":4},"end":{"line":22,"column":null}},"10":{"start":{"line":25,"column":17},"end":{"line":25,"column":null}},"11":{"start":{"line":26,"column":17},"end":{"line":26,"column":null}},"12":{"start":{"line":28,"column":2},"end":{"line":28,"column":null}},"13":{"start":{"line":32,"column":2},"end":{"line":34,"column":null}},"14":{"start":{"line":33,"column":4},"end":{"line":33,"column":null}},"15":{"start":{"line":36,"column":31},"end":{"line":36,"column":null}},"16":{"start":{"line":37,"column":2},"end":{"line":37,"column":null}},"17":{"start":{"line":44,"column":2},"end":{"line":46,"column":null}},"18":{"start":{"line":45,"column":4},"end":{"line":45,"column":null}},"19":{"start":{"line":48,"column":2},"end":{"line":48,"column":null}}},"fnMap":{"0":{"name":"formatWalletAddress","decl":{"start":{"line":7,"column":16},"end":{"line":7,"column":null}},"loc":{"start":{"line":9,"column":42},"end":{"line":29,"column":null}}},"1":{"name":"isValidEthereumAddress","decl":{"start":{"line":31,"column":16},"end":{"line":31,"column":39}},"loc":{"start":{"line":31,"column":54},"end":{"line":38,"column":null}}},"2":{"name":"formatEthereumAddress","decl":{"start":{"line":40,"column":16},"end":{"line":40,"column":null}},"loc":{"start":{"line":42,"column":42},"end":{"line":49,"column":null}}}},"branchMap":{"0":{"loc":{"start":{"line":9,"column":2},"end":{"line":9,"column":42}},"type":"default-arg","locations":[{"start":{"line":9,"column":40},"end":{"line":9,"column":42}}]},"1":{"loc":{"start":{"line":11,"column":2},"end":{"line":13,"column":null}},"type":"if","locations":[{"start":{"line":11,"column":2},"end":{"line":13,"column":null}},{"start":{},"end":{}}]},"2":{"loc":{"start":{"line":11,"column":6},"end":{"line":11,"column":47}},"type":"binary-expr","locations":[{"start":{"line":11,"column":6},"end":{"line":11,"column":18}},{"start":{"line":11,"column":18},"end":{"line":11,"column":47}}]},"3":{"loc":{"start":{"line":15,"column":10},"end":{"line":15,"column":26}},"type":"default-arg","locations":[{"start":{"line":15,"column":25},"end":{"line":15,"column":26}}]},"4":{"loc":{"start":{"line":15,"column":28},"end":{"line":15,"column":44}},"type":"default-arg","locations":[{"start":{"line":15,"column":43},"end":{"line":15,"column":44}}]},"5":{"loc":{"start":{"line":15,"column":46},"end":{"line":15,"column":63}},"type":"default-arg","locations":[{"start":{"line":15,"column":58},"end":{"line":15,"column":63}}]},"6":{"loc":{"start":{"line":17,"column":2},"end":{"line":19,"column":null}},"type":"if","locations":[{"start":{"line":17,"column":2},"end":{"line":19,"column":null}},{"start":{},"end":{}}]},"7":{"loc":{"start":{"line":17,"column":6},"end":{"line":17,"column":44}},"type":"binary-expr","locations":[{"start":{"line":17,"column":6},"end":{"line":17,"column":26}},{"start":{"line":17,"column":26},"end":{"line":17,"column":44}}]},"8":{"loc":{"start":{"line":21,"column":2},"end":{"line":23,"column":null}},"type":"if","locations":[{"start":{"line":21,"column":2},"end":{"line":23,"column":null}},{"start":{},"end":{}}]},"9":{"loc":{"start":{"line":26,"column":17},"end":{"line":26,"column":null}},"type":"cond-expr","locations":[{"start":{"line":26,"column":36},"end":{"line":26,"column":67}},{"start":{"line":26,"column":67},"end":{"line":26,"column":null}}]},"10":{"loc":{"start":{"line":32,"column":2},"end":{"line":34,"column":null}},"type":"if","locations":[{"start":{"line":32,"column":2},"end":{"line":34,"column":null}},{"start":{},"end":{}}]},"11":{"loc":{"start":{"line":32,"column":6},"end":{"line":32,"column":47}},"type":"binary-expr","locations":[{"start":{"line":32,"column":6},"end":{"line":32,"column":18}},{"start":{"line":32,"column":18},"end":{"line":32,"column":47}}]},"12":{"loc":{"start":{"line":42,"column":2},"end":{"line":42,"column":42}},"type":"default-arg","locations":[{"start":{"line":42,"column":40},"end":{"line":42,"column":42}}]},"13":{"loc":{"start":{"line":44,"column":2},"end":{"line":46,"column":null}},"type":"if","locations":[{"start":{"line":44,"column":2},"end":{"line":46,"column":null}},{"start":{},"end":{}}]}},"s":{"0":8,"1":14,"2":13,"3":16,"4":4,"5":12,"6":12,"7":2,"8":10,"9":1,"10":9,"11":9,"12":9,"13":21,"14":7,"15":14,"16":14,"17":8,"18":6,"19":2},"f":{"0":16,"1":21,"2":8},"b":{"0":[5],"1":[4,12],"2":[16,13],"3":[6],"4":[6],"5":[9],"6":[2,10],"7":[12,11],"8":[1,9],"9":[8,1],"10":[7,14],"11":[21,15],"12":[7],"13":[6,2]}}
}
