TN:
SF:src/utils/formatWalletAddress.ts
FN:7,formatWalletAddress
FN:31,isValidEthereumAddress
FN:40,formatEthereumAddress
FNF:3
FNH:3
FNDA:16,formatWalletAddress
FNDA:21,isValidEthereumAddress
FNDA:8,formatEthereumAddress
DA:7,14
DA:11,16
DA:12,4
DA:15,12
DA:17,12
DA:18,2
DA:21,10
DA:22,1
DA:25,9
DA:26,9
DA:28,9
DA:31,13
DA:32,21
DA:33,7
DA:36,14
DA:37,14
DA:40,8
DA:44,8
DA:45,6
DA:48,2
LF:20
LH:20
BRDA:9,0,0,5
BRDA:11,1,0,4
BRDA:11,1,1,12
BRDA:11,2,0,16
BRDA:11,2,1,13
BRDA:15,3,0,6
BRDA:15,4,0,6
BRDA:15,5,0,9
BRDA:17,6,0,2
BRDA:17,6,1,10
BRDA:17,7,0,12
BRDA:17,7,1,11
BRDA:21,8,0,1
BRDA:21,8,1,9
BRDA:26,9,0,8
BRDA:26,9,1,1
BRDA:32,10,0,7
BRDA:32,10,1,14
BRDA:32,11,0,21
BRDA:32,11,1,15
BRDA:42,12,0,7
BRDA:44,13,0,6
BRDA:44,13,1,2
BRF:23
BRH:23
end_of_record
